<?xml version="1.0" encoding="UTF-8"?>
<!-- Generated by org.testng.reporters.JUnitXMLReporter -->
<testsuite ignored="0" hostname="DESKTOP-RHVQK42" failures="6" tests="21" name="Test" time="213.951" errors="0" timestamp="2021-10-11T12:08:35 IST">
  <testcase classname="io.cucumber.testng.AbstractTestNGCucumberTests" name="runScenario" time="24.619"/>
  <testcase classname="io.cucumber.testng.AbstractTestNGCucumberTests" name="runScenario" time="11.258"/>
  <testcase classname="io.cucumber.testng.AbstractTestNGCucumberTests" name="runScenario" time="9.545"/>
  <testcase classname="io.cucumber.testng.AbstractTestNGCucumberTests" name="runScenario" time="7.981">
    <failure type="java.lang.AssertionError" message="expected [false] but found [true]">
      <![CDATA[java.lang.AssertionError: expected [false] but found [true]
at StepDefinition.BuyStepDef.bvalidate_unsuccessful_purchase(BuyStepDef.java:79)
at ✽.b-validate unsuccessful purchase(file:///C:/Users/om%20sai/Downloads/DemoBlaze/DemoBlaze-New/src/test/java/Feature/Buy.feature:25)
... Removed 4 stack frames]]>
    </failure>
  </testcase> <!-- runScenario -->
  <testcase classname="io.cucumber.testng.AbstractTestNGCucumberTests" name="runScenario" time="9.035">
    <failure type="java.lang.AssertionError" message="expected [false] but found [true]">
      <![CDATA[java.lang.AssertionError: expected [false] but found [true]
at StepDefinition.BuyStepDef.bvalidate_unsuccessful_purchase(BuyStepDef.java:79)
at ✽.b-validate unsuccessful purchase(file:///C:/Users/om%20sai/Downloads/DemoBlaze/DemoBlaze-New/src/test/java/Feature/Buy.feature:25)
... Removed 4 stack frames]]>
    </failure>
  </testcase> <!-- runScenario -->
  <testcase classname="io.cucumber.testng.AbstractTestNGCucumberTests" name="runScenario" time="7.974">
    <failure type="java.lang.AssertionError" message="expected [false] but found [true]">
      <![CDATA[java.lang.AssertionError: expected [false] but found [true]
at StepDefinition.BuyStepDef.bvalidate_unsuccessful_purchase(BuyStepDef.java:79)
at ✽.b-validate unsuccessful purchase(file:///C:/Users/om%20sai/Downloads/DemoBlaze/DemoBlaze-New/src/test/java/Feature/Buy.feature:25)
... Removed 4 stack frames]]>
    </failure>
  </testcase> <!-- runScenario -->
  <testcase classname="io.cucumber.testng.AbstractTestNGCucumberTests" name="runScenario" time="10.235">
    <failure type="java.lang.AssertionError" message="expected [false] but found [true]">
      <![CDATA[java.lang.AssertionError: expected [false] but found [true]
at StepDefinition.BuyStepDef.bvalidate_unsuccessful_purchase(BuyStepDef.java:79)
at ✽.b-validate unsuccessful purchase(file:///C:/Users/om%20sai/Downloads/DemoBlaze/DemoBlaze-New/src/test/java/Feature/Buy.feature:25)
... Removed 4 stack frames]]>
    </failure>
  </testcase> <!-- runScenario -->
  <testcase classname="io.cucumber.testng.AbstractTestNGCucumberTests" name="runScenario" time="7.859">
    <failure type="java.lang.AssertionError" message="expected [false] but found [true]">
      <![CDATA[java.lang.AssertionError: expected [false] but found [true]
at StepDefinition.BuyStepDef.bvalidate_unsuccessful_purchase(BuyStepDef.java:79)
at ✽.b-validate unsuccessful purchase(file:///C:/Users/om%20sai/Downloads/DemoBlaze/DemoBlaze-New/src/test/java/Feature/Buy.feature:25)
... Removed 4 stack frames]]>
    </failure>
  </testcase> <!-- runScenario -->
  <testcase classname="io.cucumber.testng.AbstractTestNGCucumberTests" name="runScenario" time="8.759">
    <failure type="java.lang.AssertionError" message="expected [false] but found [true]">
      <![CDATA[java.lang.AssertionError: expected [false] but found [true]
at StepDefinition.BuyStepDef.bvalidate_unsuccessful_purchase(BuyStepDef.java:79)
at ✽.b-validate unsuccessful purchase(file:///C:/Users/om%20sai/Downloads/DemoBlaze/DemoBlaze-New/src/test/java/Feature/Buy.feature:25)
... Removed 4 stack frames]]>
    </failure>
  </testcase> <!-- runScenario -->
  <testcase classname="io.cucumber.testng.AbstractTestNGCucumberTests" name="runScenario" time="8.539"/>
  <testcase classname="io.cucumber.testng.AbstractTestNGCucumberTests" name="runScenario" time="12.475"/>
  <testcase classname="io.cucumber.testng.AbstractTestNGCucumberTests" name="runScenario" time="11.04"/>
  <testcase classname="io.cucumber.testng.AbstractTestNGCucumberTests" name="runScenario" time="10.977"/>
  <testcase classname="io.cucumber.testng.AbstractTestNGCucumberTests" name="runScenario" time="8.357"/>
  <testcase classname="io.cucumber.testng.AbstractTestNGCucumberTests" name="runScenario" time="5.961"/>
  <testcase classname="io.cucumber.testng.AbstractTestNGCucumberTests" name="runScenario" time="9.174"/>
  <testcase classname="io.cucumber.testng.AbstractTestNGCucumberTests" name="runScenario" time="8.083"/>
  <testcase classname="io.cucumber.testng.AbstractTestNGCucumberTests" name="runScenario" time="9.695"/>
  <testcase classname="io.cucumber.testng.AbstractTestNGCucumberTests" name="runScenario" time="6.956"/>
  <testcase classname="io.cucumber.testng.AbstractTestNGCucumberTests" name="runScenario" time="8.19"/>
  <testcase classname="io.cucumber.testng.AbstractTestNGCucumberTests" name="runScenario" time="15.61"/>
</testsuite> <!-- Test -->
