<?xml version="1.0" encoding="UTF-8"?>
<testng-results ignored="0" total="21" passed="15" failed="6" skipped="0">
  <reporter-output>
  </reporter-output>
  <suite started-at="2021-10-11T12:05:01 IST" name="Suite" finished-at="2021-10-11T12:08:35 IST" duration-ms="213951">
    <groups>
      <group name="cucumber">
        <method signature="AbstractTestNGCucumberTests.runScenario(io.cucumber.testng.PickleWrapper,io.cucumber.testng.FeatureWrapper)[pri:0, instance:MyRunner.MyRunner@662b4c69]" name="runScenario" class="io.cucumber.testng.AbstractTestNGCucumberTests"/>
      </group> <!-- cucumber -->
    </groups>
    <test started-at="2021-10-11T12:05:01 IST" name="Test" finished-at="2021-10-11T12:08:35 IST" duration-ms="213951">
      <class name="MyRunner.MyRunner">
        <test-method is-config="true" signature="setUpClass()[pri:0, instance:MyRunner.MyRunner@662b4c69]" started-at="2021-10-11T12:05:01 IST" name="setUpClass" finished-at="2021-10-11T12:05:02 IST" duration-ms="1045" status="PASS">
          <reporter-output>
          </reporter-output>
        </test-method> <!-- setUpClass -->
        <test-method signature="runScenario(io.cucumber.testng.PickleWrapper,io.cucumber.testng.FeatureWrapper)[pri:0, instance:MyRunner.MyRunner@662b4c69]" started-at="2021-10-11T12:05:02 IST" name="runScenario" description="Runs Cucumber Scenarios" data-provider="scenarios" finished-at="2021-10-11T12:05:27 IST" duration-ms="24619" status="PASS">
          <params>
            <param index="0">
              <value>
                <![CDATA["Test Buy PopUp Window"]]>
              </value>
            </param>
            <param index="1">
              <value>
                <![CDATA["Optional[DemoBlaze Buy Function]"]]>
              </value>
            </param>
          </params>
          <reporter-output>
          </reporter-output>
        </test-method> <!-- runScenario -->
        <test-method signature="runScenario(io.cucumber.testng.PickleWrapper,io.cucumber.testng.FeatureWrapper)[pri:0, instance:MyRunner.MyRunner@662b4c69]" started-at="2021-10-11T12:05:27 IST" name="runScenario" description="Runs Cucumber Scenarios" data-provider="scenarios" finished-at="2021-10-11T12:05:38 IST" duration-ms="11258" status="PASS">
          <params>
            <param index="0">
              <value>
                <![CDATA["Test online Payment Function"]]>
              </value>
            </param>
            <param index="1">
              <value>
                <![CDATA["Optional[DemoBlaze Buy Function]"]]>
              </value>
            </param>
          </params>
          <reporter-output>
          </reporter-output>
        </test-method> <!-- runScenario -->
        <test-method signature="runScenario(io.cucumber.testng.PickleWrapper,io.cucumber.testng.FeatureWrapper)[pri:0, instance:MyRunner.MyRunner@662b4c69]" started-at="2021-10-11T12:05:38 IST" name="runScenario" description="Runs Cucumber Scenarios" data-provider="scenarios" finished-at="2021-10-11T12:05:48 IST" duration-ms="9545" status="PASS">
          <params>
            <param index="0">
              <value>
                <![CDATA["Test online Payment Function"]]>
              </value>
            </param>
            <param index="1">
              <value>
                <![CDATA["Optional[DemoBlaze Buy Function]"]]>
              </value>
            </param>
          </params>
          <reporter-output>
          </reporter-output>
        </test-method> <!-- runScenario -->
        <test-method signature="runScenario(io.cucumber.testng.PickleWrapper,io.cucumber.testng.FeatureWrapper)[pri:0, instance:MyRunner.MyRunner@662b4c69]" started-at="2021-10-11T12:05:48 IST" name="runScenario" description="Runs Cucumber Scenarios" data-provider="scenarios" finished-at="2021-10-11T12:05:56 IST" duration-ms="7981" status="FAIL">
          <params>
            <param index="0">
              <value>
                <![CDATA["Test Buy Function with invalid data"]]>
              </value>
            </param>
            <param index="1">
              <value>
                <![CDATA["Optional[DemoBlaze Buy Function]"]]>
              </value>
            </param>
          </params>
          <exception class="java.lang.AssertionError">
            <message>
              <![CDATA[expected [false] but found [true]]]>
            </message>
            <full-stacktrace>
              <![CDATA[java.lang.AssertionError: expected [false] but found [true]
at org.testng.Assert.fail(Assert.java:99)
at org.testng.Assert.failNotEquals(Assert.java:1037)
at org.testng.Assert.assertFalse(Assert.java:67)
at org.testng.Assert.assertFalse(Assert.java:77)
at StepDefinition.BuyStepDef.bvalidate_unsuccessful_purchase(BuyStepDef.java:79)
at ✽.b-validate unsuccessful purchase(file:///C:/Users/om%20sai/Downloads/DemoBlaze/DemoBlaze-New/src/test/java/Feature/Buy.feature:25)
]]>
            </full-stacktrace>
          </exception> <!-- java.lang.AssertionError -->
          <reporter-output>
          </reporter-output>
        </test-method> <!-- runScenario -->
        <test-method signature="runScenario(io.cucumber.testng.PickleWrapper,io.cucumber.testng.FeatureWrapper)[pri:0, instance:MyRunner.MyRunner@662b4c69]" started-at="2021-10-11T12:05:56 IST" name="runScenario" description="Runs Cucumber Scenarios" data-provider="scenarios" finished-at="2021-10-11T12:06:05 IST" duration-ms="9035" status="FAIL">
          <params>
            <param index="0">
              <value>
                <![CDATA["Test Buy Function with invalid data"]]>
              </value>
            </param>
            <param index="1">
              <value>
                <![CDATA["Optional[DemoBlaze Buy Function]"]]>
              </value>
            </param>
          </params>
          <exception class="java.lang.AssertionError">
            <message>
              <![CDATA[expected [false] but found [true]]]>
            </message>
            <full-stacktrace>
              <![CDATA[java.lang.AssertionError: expected [false] but found [true]
at org.testng.Assert.fail(Assert.java:99)
at org.testng.Assert.failNotEquals(Assert.java:1037)
at org.testng.Assert.assertFalse(Assert.java:67)
at org.testng.Assert.assertFalse(Assert.java:77)
at StepDefinition.BuyStepDef.bvalidate_unsuccessful_purchase(BuyStepDef.java:79)
at ✽.b-validate unsuccessful purchase(file:///C:/Users/om%20sai/Downloads/DemoBlaze/DemoBlaze-New/src/test/java/Feature/Buy.feature:25)
]]>
            </full-stacktrace>
          </exception> <!-- java.lang.AssertionError -->
          <reporter-output>
          </reporter-output>
        </test-method> <!-- runScenario -->
        <test-method signature="runScenario(io.cucumber.testng.PickleWrapper,io.cucumber.testng.FeatureWrapper)[pri:0, instance:MyRunner.MyRunner@662b4c69]" started-at="2021-10-11T12:06:05 IST" name="runScenario" description="Runs Cucumber Scenarios" data-provider="scenarios" finished-at="2021-10-11T12:06:13 IST" duration-ms="7974" status="FAIL">
          <params>
            <param index="0">
              <value>
                <![CDATA["Test Buy Function with invalid data"]]>
              </value>
            </param>
            <param index="1">
              <value>
                <![CDATA["Optional[DemoBlaze Buy Function]"]]>
              </value>
            </param>
          </params>
          <exception class="java.lang.AssertionError">
            <message>
              <![CDATA[expected [false] but found [true]]]>
            </message>
            <full-stacktrace>
              <![CDATA[java.lang.AssertionError: expected [false] but found [true]
at org.testng.Assert.fail(Assert.java:99)
at org.testng.Assert.failNotEquals(Assert.java:1037)
at org.testng.Assert.assertFalse(Assert.java:67)
at org.testng.Assert.assertFalse(Assert.java:77)
at StepDefinition.BuyStepDef.bvalidate_unsuccessful_purchase(BuyStepDef.java:79)
at ✽.b-validate unsuccessful purchase(file:///C:/Users/om%20sai/Downloads/DemoBlaze/DemoBlaze-New/src/test/java/Feature/Buy.feature:25)
]]>
            </full-stacktrace>
          </exception> <!-- java.lang.AssertionError -->
          <reporter-output>
          </reporter-output>
        </test-method> <!-- runScenario -->
        <test-method signature="runScenario(io.cucumber.testng.PickleWrapper,io.cucumber.testng.FeatureWrapper)[pri:0, instance:MyRunner.MyRunner@662b4c69]" started-at="2021-10-11T12:06:13 IST" name="runScenario" description="Runs Cucumber Scenarios" data-provider="scenarios" finished-at="2021-10-11T12:06:23 IST" duration-ms="10235" status="FAIL">
          <params>
            <param index="0">
              <value>
                <![CDATA["Test Buy Function with invalid data"]]>
              </value>
            </param>
            <param index="1">
              <value>
                <![CDATA["Optional[DemoBlaze Buy Function]"]]>
              </value>
            </param>
          </params>
          <exception class="java.lang.AssertionError">
            <message>
              <![CDATA[expected [false] but found [true]]]>
            </message>
            <full-stacktrace>
              <![CDATA[java.lang.AssertionError: expected [false] but found [true]
at org.testng.Assert.fail(Assert.java:99)
at org.testng.Assert.failNotEquals(Assert.java:1037)
at org.testng.Assert.assertFalse(Assert.java:67)
at org.testng.Assert.assertFalse(Assert.java:77)
at StepDefinition.BuyStepDef.bvalidate_unsuccessful_purchase(BuyStepDef.java:79)
at ✽.b-validate unsuccessful purchase(file:///C:/Users/om%20sai/Downloads/DemoBlaze/DemoBlaze-New/src/test/java/Feature/Buy.feature:25)
]]>
            </full-stacktrace>
          </exception> <!-- java.lang.AssertionError -->
          <reporter-output>
          </reporter-output>
        </test-method> <!-- runScenario -->
        <test-method signature="runScenario(io.cucumber.testng.PickleWrapper,io.cucumber.testng.FeatureWrapper)[pri:0, instance:MyRunner.MyRunner@662b4c69]" started-at="2021-10-11T12:06:23 IST" name="runScenario" description="Runs Cucumber Scenarios" data-provider="scenarios" finished-at="2021-10-11T12:06:31 IST" duration-ms="7859" status="FAIL">
          <params>
            <param index="0">
              <value>
                <![CDATA["Test Buy Function with invalid data"]]>
              </value>
            </param>
            <param index="1">
              <value>
                <![CDATA["Optional[DemoBlaze Buy Function]"]]>
              </value>
            </param>
          </params>
          <exception class="java.lang.AssertionError">
            <message>
              <![CDATA[expected [false] but found [true]]]>
            </message>
            <full-stacktrace>
              <![CDATA[java.lang.AssertionError: expected [false] but found [true]
at org.testng.Assert.fail(Assert.java:99)
at org.testng.Assert.failNotEquals(Assert.java:1037)
at org.testng.Assert.assertFalse(Assert.java:67)
at org.testng.Assert.assertFalse(Assert.java:77)
at StepDefinition.BuyStepDef.bvalidate_unsuccessful_purchase(BuyStepDef.java:79)
at ✽.b-validate unsuccessful purchase(file:///C:/Users/om%20sai/Downloads/DemoBlaze/DemoBlaze-New/src/test/java/Feature/Buy.feature:25)
]]>
            </full-stacktrace>
          </exception> <!-- java.lang.AssertionError -->
          <reporter-output>
          </reporter-output>
        </test-method> <!-- runScenario -->
        <test-method signature="runScenario(io.cucumber.testng.PickleWrapper,io.cucumber.testng.FeatureWrapper)[pri:0, instance:MyRunner.MyRunner@662b4c69]" started-at="2021-10-11T12:06:31 IST" name="runScenario" description="Runs Cucumber Scenarios" data-provider="scenarios" finished-at="2021-10-11T12:06:40 IST" duration-ms="8759" status="FAIL">
          <params>
            <param index="0">
              <value>
                <![CDATA["Test Buy Function with invalid data"]]>
              </value>
            </param>
            <param index="1">
              <value>
                <![CDATA["Optional[DemoBlaze Buy Function]"]]>
              </value>
            </param>
          </params>
          <exception class="java.lang.AssertionError">
            <message>
              <![CDATA[expected [false] but found [true]]]>
            </message>
            <full-stacktrace>
              <![CDATA[java.lang.AssertionError: expected [false] but found [true]
at org.testng.Assert.fail(Assert.java:99)
at org.testng.Assert.failNotEquals(Assert.java:1037)
at org.testng.Assert.assertFalse(Assert.java:67)
at org.testng.Assert.assertFalse(Assert.java:77)
at StepDefinition.BuyStepDef.bvalidate_unsuccessful_purchase(BuyStepDef.java:79)
at ✽.b-validate unsuccessful purchase(file:///C:/Users/om%20sai/Downloads/DemoBlaze/DemoBlaze-New/src/test/java/Feature/Buy.feature:25)
]]>
            </full-stacktrace>
          </exception> <!-- java.lang.AssertionError -->
          <reporter-output>
          </reporter-output>
        </test-method> <!-- runScenario -->
        <test-method signature="runScenario(io.cucumber.testng.PickleWrapper,io.cucumber.testng.FeatureWrapper)[pri:0, instance:MyRunner.MyRunner@662b4c69]" started-at="2021-10-11T12:06:40 IST" name="runScenario" description="Runs Cucumber Scenarios" data-provider="scenarios" finished-at="2021-10-11T12:06:48 IST" duration-ms="8539" status="PASS">
          <params>
            <param index="0">
              <value>
                <![CDATA["To validate the successfully Navigation to Demo_blaze Login page"]]>
              </value>
            </param>
            <param index="1">
              <value>
                <![CDATA["Optional[DemoBlaze Login Functionality]"]]>
              </value>
            </param>
          </params>
          <reporter-output>
          </reporter-output>
        </test-method> <!-- runScenario -->
        <test-method signature="runScenario(io.cucumber.testng.PickleWrapper,io.cucumber.testng.FeatureWrapper)[pri:0, instance:MyRunner.MyRunner@662b4c69]" started-at="2021-10-11T12:06:48 IST" name="runScenario" description="Runs Cucumber Scenarios" data-provider="scenarios" finished-at="2021-10-11T12:07:01 IST" duration-ms="12475" status="PASS">
          <params>
            <param index="0">
              <value>
                <![CDATA["Test Login Functionality"]]>
              </value>
            </param>
            <param index="1">
              <value>
                <![CDATA["Optional[DemoBlaze Login Functionality]"]]>
              </value>
            </param>
          </params>
          <reporter-output>
          </reporter-output>
        </test-method> <!-- runScenario -->
        <test-method signature="runScenario(io.cucumber.testng.PickleWrapper,io.cucumber.testng.FeatureWrapper)[pri:0, instance:MyRunner.MyRunner@662b4c69]" started-at="2021-10-11T12:07:01 IST" name="runScenario" description="Runs Cucumber Scenarios" data-provider="scenarios" finished-at="2021-10-11T12:07:12 IST" duration-ms="11040" status="PASS">
          <params>
            <param index="0">
              <value>
                <![CDATA["Test Login Functionality"]]>
              </value>
            </param>
            <param index="1">
              <value>
                <![CDATA["Optional[DemoBlaze Login Functionality]"]]>
              </value>
            </param>
          </params>
          <reporter-output>
          </reporter-output>
        </test-method> <!-- runScenario -->
        <test-method signature="runScenario(io.cucumber.testng.PickleWrapper,io.cucumber.testng.FeatureWrapper)[pri:0, instance:MyRunner.MyRunner@662b4c69]" started-at="2021-10-11T12:07:12 IST" name="runScenario" description="Runs Cucumber Scenarios" data-provider="scenarios" finished-at="2021-10-11T12:07:23 IST" duration-ms="10977" status="PASS">
          <params>
            <param index="0">
              <value>
                <![CDATA["Test Login Functionality with invalid data."]]>
              </value>
            </param>
            <param index="1">
              <value>
                <![CDATA["Optional[DemoBlaze Login Functionality]"]]>
              </value>
            </param>
          </params>
          <reporter-output>
          </reporter-output>
        </test-method> <!-- runScenario -->
        <test-method signature="runScenario(io.cucumber.testng.PickleWrapper,io.cucumber.testng.FeatureWrapper)[pri:0, instance:MyRunner.MyRunner@662b4c69]" started-at="2021-10-11T12:07:23 IST" name="runScenario" description="Runs Cucumber Scenarios" data-provider="scenarios" finished-at="2021-10-11T12:07:31 IST" duration-ms="8357" status="PASS">
          <params>
            <param index="0">
              <value>
                <![CDATA["Test Login Functionality with invalid data."]]>
              </value>
            </param>
            <param index="1">
              <value>
                <![CDATA["Optional[DemoBlaze Login Functionality]"]]>
              </value>
            </param>
          </params>
          <reporter-output>
          </reporter-output>
        </test-method> <!-- runScenario -->
        <test-method signature="runScenario(io.cucumber.testng.PickleWrapper,io.cucumber.testng.FeatureWrapper)[pri:0, instance:MyRunner.MyRunner@662b4c69]" started-at="2021-10-11T12:07:31 IST" name="runScenario" description="Runs Cucumber Scenarios" data-provider="scenarios" finished-at="2021-10-11T12:07:37 IST" duration-ms="5961" status="PASS">
          <params>
            <param index="0">
              <value>
                <![CDATA["To validate the sucessful Navigation to Demo_blaze Signup page"]]>
              </value>
            </param>
            <param index="1">
              <value>
                <![CDATA["Optional[DemoBlaze Registration Functionality]"]]>
              </value>
            </param>
          </params>
          <reporter-output>
          </reporter-output>
        </test-method> <!-- runScenario -->
        <test-method signature="runScenario(io.cucumber.testng.PickleWrapper,io.cucumber.testng.FeatureWrapper)[pri:0, instance:MyRunner.MyRunner@662b4c69]" started-at="2021-10-11T12:07:37 IST" name="runScenario" description="Runs Cucumber Scenarios" data-provider="scenarios" finished-at="2021-10-11T12:07:46 IST" duration-ms="9174" status="PASS">
          <params>
            <param index="0">
              <value>
                <![CDATA["Test Registration Functionality"]]>
              </value>
            </param>
            <param index="1">
              <value>
                <![CDATA["Optional[DemoBlaze Registration Functionality]"]]>
              </value>
            </param>
          </params>
          <reporter-output>
          </reporter-output>
        </test-method> <!-- runScenario -->
        <test-method signature="runScenario(io.cucumber.testng.PickleWrapper,io.cucumber.testng.FeatureWrapper)[pri:0, instance:MyRunner.MyRunner@662b4c69]" started-at="2021-10-11T12:07:46 IST" name="runScenario" description="Runs Cucumber Scenarios" data-provider="scenarios" finished-at="2021-10-11T12:07:54 IST" duration-ms="8083" status="PASS">
          <params>
            <param index="0">
              <value>
                <![CDATA["Test Registration Functionality"]]>
              </value>
            </param>
            <param index="1">
              <value>
                <![CDATA["Optional[DemoBlaze Registration Functionality]"]]>
              </value>
            </param>
          </params>
          <reporter-output>
          </reporter-output>
        </test-method> <!-- runScenario -->
        <test-method signature="runScenario(io.cucumber.testng.PickleWrapper,io.cucumber.testng.FeatureWrapper)[pri:0, instance:MyRunner.MyRunner@662b4c69]" started-at="2021-10-11T12:07:54 IST" name="runScenario" description="Runs Cucumber Scenarios" data-provider="scenarios" finished-at="2021-10-11T12:08:04 IST" duration-ms="9695" status="PASS">
          <params>
            <param index="0">
              <value>
                <![CDATA["To validate that user can filter products by PHONE category"]]>
              </value>
            </param>
            <param index="1">
              <value>
                <![CDATA["Optional[DemoBlaze Search Functionality]"]]>
              </value>
            </param>
          </params>
          <reporter-output>
          </reporter-output>
        </test-method> <!-- runScenario -->
        <test-method signature="runScenario(io.cucumber.testng.PickleWrapper,io.cucumber.testng.FeatureWrapper)[pri:0, instance:MyRunner.MyRunner@662b4c69]" started-at="2021-10-11T12:08:04 IST" name="runScenario" description="Runs Cucumber Scenarios" data-provider="scenarios" finished-at="2021-10-11T12:08:11 IST" duration-ms="6956" status="PASS">
          <params>
            <param index="0">
              <value>
                <![CDATA["To validate that user can filter products by LAPTOP category"]]>
              </value>
            </param>
            <param index="1">
              <value>
                <![CDATA["Optional[DemoBlaze Search Functionality]"]]>
              </value>
            </param>
          </params>
          <reporter-output>
          </reporter-output>
        </test-method> <!-- runScenario -->
        <test-method signature="runScenario(io.cucumber.testng.PickleWrapper,io.cucumber.testng.FeatureWrapper)[pri:0, instance:MyRunner.MyRunner@662b4c69]" started-at="2021-10-11T12:08:11 IST" name="runScenario" description="Runs Cucumber Scenarios" data-provider="scenarios" finished-at="2021-10-11T12:08:19 IST" duration-ms="8190" status="PASS">
          <params>
            <param index="0">
              <value>
                <![CDATA["To validate that user can filter products by MONITORS category"]]>
              </value>
            </param>
            <param index="1">
              <value>
                <![CDATA["Optional[DemoBlaze Search Functionality]"]]>
              </value>
            </param>
          </params>
          <reporter-output>
          </reporter-output>
        </test-method> <!-- runScenario -->
        <test-method signature="runScenario(io.cucumber.testng.PickleWrapper,io.cucumber.testng.FeatureWrapper)[pri:0, instance:MyRunner.MyRunner@662b4c69]" started-at="2021-10-11T12:08:19 IST" name="runScenario" description="Runs Cucumber Scenarios" data-provider="scenarios" finished-at="2021-10-11T12:08:35 IST" duration-ms="15610" status="PASS">
          <params>
            <param index="0">
              <value>
                <![CDATA["To validate that add to cart button is functional."]]>
              </value>
            </param>
            <param index="1">
              <value>
                <![CDATA["Optional[DemoBlaze Search Functionality]"]]>
              </value>
            </param>
          </params>
          <reporter-output>
          </reporter-output>
        </test-method> <!-- runScenario -->
        <test-method is-config="true" signature="tearDownClass()[pri:0, instance:MyRunner.MyRunner@662b4c69]" started-at="2021-10-11T12:08:35 IST" name="tearDownClass" finished-at="2021-10-11T12:08:35 IST" duration-ms="477" status="PASS">
          <reporter-output>
          </reporter-output>
        </test-method> <!-- tearDownClass -->
      </class> <!-- MyRunner.MyRunner -->
    </test> <!-- Test -->
  </suite> <!-- Suite -->
</testng-results>
