<?xml version="1.0" encoding="UTF-8"?>
<!-- Generated by org.testng.reporters.JUnitReportReporter -->
<testsuite hostname="DESKTOP-RHVQK42" failures="6" tests="21" name="MyRunner.MyRunner" time="212.322" errors="0" timestamp="2021-10-11T12:08:35 IST" skipped="0">
  <testcase classname="MyRunner.MyRunner" name="runScenario" time="24.619"/>
  <system-out/>
  <testcase classname="MyRunner.MyRunner" name="runScenario" time="11.258"/>
  <system-out/>
  <testcase classname="MyRunner.MyRunner" name="runScenario" time="12.475"/>
  <system-out/>
  <testcase classname="MyRunner.MyRunner" name="runScenario" time="7.981">
    <failure message="expected [false] but found [true]" type="java.lang.AssertionError">
      <![CDATA[java.lang.AssertionError: expected [false] but found [true]
at org.testng.Assert.fail(Assert.java:99)
at org.testng.Assert.failNotEquals(Assert.java:1037)
at org.testng.Assert.assertFalse(Assert.java:67)
at org.testng.Assert.assertFalse(Assert.java:77)
at StepDefinition.BuyStepDef.bvalidate_unsuccessful_purchase(BuyStepDef.java:79)
at ✽.b-validate unsuccessful purchase(file:///C:/Users/om%20sai/Downloads/DemoBlaze/DemoBlaze-New/src/test/java/Feature/Buy.feature:25)
]]>
    </failure>
  </testcase> <!-- runScenario -->
  <system-out/>
  <testcase classname="MyRunner.MyRunner" name="runScenario" time="8.539"/>
  <system-out/>
  <testcase classname="MyRunner.MyRunner" name="runScenario" time="8.190"/>
  <system-out/>
  <testcase classname="MyRunner.MyRunner" name="runScenario" time="8.759">
    <failure message="expected [false] but found [true]" type="java.lang.AssertionError">
      <![CDATA[java.lang.AssertionError: expected [false] but found [true]
at org.testng.Assert.fail(Assert.java:99)
at org.testng.Assert.failNotEquals(Assert.java:1037)
at org.testng.Assert.assertFalse(Assert.java:67)
at org.testng.Assert.assertFalse(Assert.java:77)
at StepDefinition.BuyStepDef.bvalidate_unsuccessful_purchase(BuyStepDef.java:79)
at ✽.b-validate unsuccessful purchase(file:///C:/Users/om%20sai/Downloads/DemoBlaze/DemoBlaze-New/src/test/java/Feature/Buy.feature:25)
]]>
    </failure>
  </testcase> <!-- runScenario -->
  <system-out/>
  <testcase classname="MyRunner.MyRunner" name="runScenario" time="8.083"/>
  <system-out/>
  <testcase classname="MyRunner.MyRunner" name="runScenario" time="8.357"/>
  <system-out/>
  <testcase classname="MyRunner.MyRunner" name="runScenario" time="7.859">
    <failure message="expected [false] but found [true]" type="java.lang.AssertionError">
      <![CDATA[java.lang.AssertionError: expected [false] but found [true]
at org.testng.Assert.fail(Assert.java:99)
at org.testng.Assert.failNotEquals(Assert.java:1037)
at org.testng.Assert.assertFalse(Assert.java:67)
at org.testng.Assert.assertFalse(Assert.java:77)
at StepDefinition.BuyStepDef.bvalidate_unsuccessful_purchase(BuyStepDef.java:79)
at ✽.b-validate unsuccessful purchase(file:///C:/Users/om%20sai/Downloads/DemoBlaze/DemoBlaze-New/src/test/java/Feature/Buy.feature:25)
]]>
    </failure>
  </testcase> <!-- runScenario -->
  <system-out/>
  <testcase classname="MyRunner.MyRunner" name="runScenario" time="10.235">
    <failure message="expected [false] but found [true]" type="java.lang.AssertionError">
      <![CDATA[java.lang.AssertionError: expected [false] but found [true]
at org.testng.Assert.fail(Assert.java:99)
at org.testng.Assert.failNotEquals(Assert.java:1037)
at org.testng.Assert.assertFalse(Assert.java:67)
at org.testng.Assert.assertFalse(Assert.java:77)
at StepDefinition.BuyStepDef.bvalidate_unsuccessful_purchase(BuyStepDef.java:79)
at ✽.b-validate unsuccessful purchase(file:///C:/Users/om%20sai/Downloads/DemoBlaze/DemoBlaze-New/src/test/java/Feature/Buy.feature:25)
]]>
    </failure>
  </testcase> <!-- runScenario -->
  <system-out/>
  <testcase classname="MyRunner.MyRunner" name="runScenario" time="9.035">
    <failure message="expected [false] but found [true]" type="java.lang.AssertionError">
      <![CDATA[java.lang.AssertionError: expected [false] but found [true]
at org.testng.Assert.fail(Assert.java:99)
at org.testng.Assert.failNotEquals(Assert.java:1037)
at org.testng.Assert.assertFalse(Assert.java:67)
at org.testng.Assert.assertFalse(Assert.java:77)
at StepDefinition.BuyStepDef.bvalidate_unsuccessful_purchase(BuyStepDef.java:79)
at ✽.b-validate unsuccessful purchase(file:///C:/Users/om%20sai/Downloads/DemoBlaze/DemoBlaze-New/src/test/java/Feature/Buy.feature:25)
]]>
    </failure>
  </testcase> <!-- runScenario -->
  <system-out/>
  <testcase classname="MyRunner.MyRunner" name="runScenario" time="10.977"/>
  <system-out/>
  <testcase classname="MyRunner.MyRunner" name="runScenario" time="9.545"/>
  <system-out/>
  <testcase classname="MyRunner.MyRunner" name="runScenario" time="5.961"/>
  <system-out/>
  <testcase classname="MyRunner.MyRunner" name="runScenario" time="7.974">
    <failure message="expected [false] but found [true]" type="java.lang.AssertionError">
      <![CDATA[java.lang.AssertionError: expected [false] but found [true]
at org.testng.Assert.fail(Assert.java:99)
at org.testng.Assert.failNotEquals(Assert.java:1037)
at org.testng.Assert.assertFalse(Assert.java:67)
at org.testng.Assert.assertFalse(Assert.java:77)
at StepDefinition.BuyStepDef.bvalidate_unsuccessful_purchase(BuyStepDef.java:79)
at ✽.b-validate unsuccessful purchase(file:///C:/Users/om%20sai/Downloads/DemoBlaze/DemoBlaze-New/src/test/java/Feature/Buy.feature:25)
]]>
    </failure>
  </testcase> <!-- runScenario -->
  <system-out/>
  <testcase classname="MyRunner.MyRunner" name="runScenario" time="9.174"/>
  <system-out/>
  <testcase classname="MyRunner.MyRunner" name="runScenario" time="15.610"/>
  <system-out/>
  <testcase classname="MyRunner.MyRunner" name="runScenario" time="11.040"/>
  <system-out/>
  <testcase classname="MyRunner.MyRunner" name="runScenario" time="9.695"/>
  <system-out/>
  <testcase classname="MyRunner.MyRunner" name="runScenario" time="6.956"/>
  <system-out/>
</testsuite> <!-- MyRunner.MyRunner -->
